<?xml version="1.0" encoding="UTF-8"?>
<testng-results ignored="0" total="1" passed="1" failed="0" skipped="0">
  <reporter-output>
  </reporter-output>
  <suite started-at="2023-06-14T10:40:23 IST" name="Default suite" finished-at="2023-06-14T10:40:31 IST" duration-ms="8188">
    <groups>
    </groups>
    <test started-at="2023-06-14T10:40:23 IST" name="Default test" finished-at="2023-06-14T10:40:31 IST" duration-ms="8188">
      <class name="com.jaya.orangehrm.tests.OrangeHrmLoginTest">
        <test-method is-config="true" signature="setUp()[pri:0, instance:com.jaya.orangehrm.tests.OrangeHrmLoginTest@15bbf42f]" started-at="2023-06-14T10:40:23 IST" name="setUp" finished-at="2023-06-14T10:40:30 IST" duration-ms="7216" status="PASS">
          <reporter-output>
          </reporter-output>
        </test-method> <!-- setUp -->
        <test-method signature="loginTest()[pri:0, instance:com.jaya.orangehrm.tests.OrangeHrmLoginTest@15bbf42f]" started-at="2023-06-14T10:40:30 IST" name="loginTest" finished-at="2023-06-14T10:40:31 IST" duration-ms="924" status="PASS">
          <reporter-output>
          </reporter-output>
        </test-method> <!-- loginTest -->
      </class> <!-- com.jaya.orangehrm.tests.OrangeHrmLoginTest -->
    </test> <!-- Default test -->
  </suite> <!-- Default suite -->
</testng-results>
